<?xml version="1.0" encoding="UTF-8"?>
<testng-results skipped="0" failed="0" ignored="0" total="1" passed="1">
  <reporter-output>
  </reporter-output>
  <suite name="Default suite" duration-ms="63070" started-at="2022-03-18T06:40:17Z" finished-at="2022-03-18T06:41:20Z">
    <groups>
    </groups>
    <test name="Default test" duration-ms="63070" started-at="2022-03-18T06:40:17Z" finished-at="2022-03-18T06:41:20Z">
      <class name="org.amazon.Amazon">
        <test-method status="PASS" signature="beforeClass()[pri:0, instance:org.amazon.Amazon@5e5792a0]" name="beforeClass" is-config="true" duration-ms="4357" started-at="2022-03-18T12:10:17Z" finished-at="2022-03-18T12:10:22Z">
          <reporter-output>
          </reporter-output>
        </test-method> <!-- beforeClass -->
        <test-method status="PASS" signature="before()[pri:0, instance:org.amazon.Amazon@5e5792a0]" name="before" is-config="true" duration-ms="8" started-at="2022-03-18T12:10:22Z" finished-at="2022-03-18T12:10:22Z">
          <reporter-output>
          </reporter-output>
        </test-method> <!-- before -->
        <test-method status="PASS" signature="test1()[pri:0, instance:org.amazon.Amazon@5e5792a0]" name="test1" duration-ms="56557" started-at="2022-03-18T12:10:22Z" finished-at="2022-03-18T12:11:18Z">
          <reporter-output>
          </reporter-output>
        </test-method> <!-- test1 -->
        <test-method status="PASS" signature="after()[pri:0, instance:org.amazon.Amazon@5e5792a0]" name="after" is-config="true" duration-ms="0" started-at="2022-03-18T12:11:18Z" finished-at="2022-03-18T12:11:18Z">
          <reporter-output>
          </reporter-output>
        </test-method> <!-- after -->
        <test-method status="PASS" signature="afterClass()[pri:0, instance:org.amazon.Amazon@5e5792a0]" name="afterClass" is-config="true" duration-ms="2101" started-at="2022-03-18T12:11:18Z" finished-at="2022-03-18T12:11:20Z">
          <reporter-output>
          </reporter-output>
        </test-method> <!-- afterClass -->
      </class> <!-- org.amazon.Amazon -->
    </test> <!-- Default test -->
  </suite> <!-- Default suite -->
</testng-results>
